<?xml version="1.0" encoding="UTF-8"?>
<!-- Generated by org.testng.reporters.JUnitReportReporter -->
<testsuite hostname="LAPTOP-R2S6KN95" failures="0" tests="1" name="com.FirstMavenProject.testcases.TC1_Login" time="7.031" errors="0" timestamp="2021-07-11T19:01:17 IST" skipped="0">
  <testcase classname="com.FirstMavenProject.testcases.TC1_Login" name="testLogin" time="7.031"/>
  <system-out/>
</testsuite> <!-- com.FirstMavenProject.testcases.TC1_Login -->
