<?xml version="1.0" encoding="UTF-8"?>
<!-- Generated by org.testng.reporters.JUnitReportReporter -->
<testsuite hostname="LAPTOP-R2S6KN95" failures="0" tests="1" name="com.FirstMavenProject.testcases.TC1_Login" time="6.488" errors="0" timestamp="2021-07-12T16:34:15 IST" skipped="0">
  <testcase classname="com.FirstMavenProject.testcases.TC1_Login" name="testLogin" time="6.488"/>
  <system-out/>
</testsuite> <!-- com.FirstMavenProject.testcases.TC1_Login -->
